mode: atomic
github.com/hacker65536/rds/main.go:20.13,22.2 1 0
github.com/hacker65536/rds/internal/rds/rds.go:16.13,18.16 2 1
github.com/hacker65536/rds/internal/rds/rds.go:21.2,21.23 1 1
github.com/hacker65536/rds/internal/rds/rds.go:18.16,19.53 1 0
github.com/hacker65536/rds/internal/rds/rds.go:25.35,31.29 4 1
github.com/hacker65536/rds/internal/rds/rds.go:40.2,40.13 1 1
github.com/hacker65536/rds/internal/rds/rds.go:31.29,34.38 2 1
github.com/hacker65536/rds/internal/rds/rds.go:34.38,36.4 1 1
